# JRE version: OpenJDK Runtime Environment (8.0_141-b16) (build 1.8.0_141-2-redhat-b16)
# Java VM: OpenJDK 64-Bit Server VM (25.141-b16 mixed mode windows-amd64 compressed oops)
Heap:
 garbage-first heap   total 488448K, used 322048K [0x00000000c0000000, 0x00000000c0100ee8, 0x0000000100000000)
  region size 1024K, 239 young (244736K), 12 survivors (12288K)
 Metaspace       used 43225K, capacity 45070K, committed 45440K, reserved 1089536K
  class space    used 4292K, capacity 4958K, committed 4992K, reserved 1048576K
GC Heap History (10 events):
Event: 36789.550 GC heap after
Heap after GC invocations=46 (full 0):
 garbage-first heap   total 304128K, used 220672K [0x00000000c0000000, 0x00000000c0100948, 0x0000000100000000)
  region size 1024K, 11 young (11264K), 11 survivors (11264K)
 Metaspace       used 41033K, capacity 42870K, committed 43392K, reserved 1087488K
  class space    used 4190K, capacity 4851K, committed 4992K, reserved 1048576K
}
Event: 39366.849 GC heap before
{Heap before GC invocations=47 (full 0):
 garbage-first heap   total 304128K, used 125440K [0x00000000c0000000, 0x00000000c0100948, 0x0000000100000000)
  region size 1024K, 51 young (52224K), 11 survivors (11264K)
 Metaspace       used 41033K, capacity 42870K, committed 43392K, reserved 1087488K
  class space    used 4190K, capacity 4851K, committed 4992K, reserved 1048576K
Event: 39366.868 GC heap after
Heap after GC invocations=48 (full 0):
 garbage-first heap   total 304128K, used 111104K [0x00000000c0000000, 0x00000000c0100948, 0x0000000100000000)
  region size 1024K, 7 young (7168K), 7 survivors (7168K)
 Metaspace       used 41033K, capacity 42870K, committed 43392K, reserved 1087488K
  class space    used 4190K, capacity 4851K, committed 4992K, reserved 1048576K
}
Event: 49202.473 GC heap before
{Heap before GC invocations=48 (full 0):
 garbage-first heap   total 304128K, used 265728K [0x00000000c0000000, 0x00000000c0100948, 0x0000000100000000)
  region size 1024K, 158 young (161792K), 7 survivors (7168K)
 Metaspace       used 41034K, capacity 42870K, committed 43392K, reserved 1087488K
  class space    used 4190K, capacity 4851K, committed 4992K, reserved 1048576K
Event: 49202.562 GC heap after
Heap after GC invocations=49 (full 0):
 garbage-first heap   total 408576K, used 245760K [0x00000000c0000000, 0x00000000c0100c78, 0x0000000100000000)
  region size 1024K, 20 young (20480K), 20 survivors (20480K)
 Metaspace       used 41034K, capacity 42870K, committed 43392K, reserved 1087488K
  class space    used 4190K, capacity 4851K, committed 4992K, reserved 1048576K
}
Event: 52222.719 GC heap before
{Heap before GC invocations=49 (full 0):
 garbage-first heap   total 408576K, used 346112K [0x00000000c0000000, 0x00000000c0100c78, 0x0000000100000000)
  region size 1024K, 118 young (120832K), 20 survivors (20480K)
 Metaspace       used 42613K, capacity 44452K, committed 44672K, reserved 1089536K
  class space    used 4275K, capacity 4925K, committed 4992K, reserved 1048576K
Event: 52222.758 GC heap after
Heap after GC invocations=50 (full 0):
 garbage-first heap   total 408576K, used 274432K [0x00000000c0000000, 0x00000000c0100c78, 0x0000000100000000)
  region size 1024K, 15 young (15360K), 15 survivors (15360K)
 Metaspace       used 42613K, capacity 44452K, committed 44672K, reserved 1089536K
  class space    used 4275K, capacity 4925K, committed 4992K, reserved 1048576K
}
Event: 54174.596 GC heap before
{Heap before GC invocations=51 (full 0):
 garbage-first heap   total 408576K, used 149810K [0x00000000c0000000, 0x00000000c0100c78, 0x0000000100000000)
  region size 1024K, 90 young (92160K), 15 survivors (15360K)
 Metaspace       used 43207K, capacity 45006K, committed 45184K, reserved 1089536K
  class space    used 4292K, capacity 4958K, committed 4992K, reserved 1048576K
Event: 54174.623 GC heap after
Heap after GC invocations=52 (full 0):
 garbage-first heap   total 408576K, used 89600K [0x00000000c0000000, 0x00000000c0100c78, 0x0000000100000000)
  region size 1024K, 12 young (12288K), 12 survivors (12288K)
 Metaspace       used 43207K, capacity 45006K, committed 45184K, reserved 1089536K
  class space    used 4292K, capacity 4958K, committed 4992K, reserved 1048576K
}
Event: 69277.477 GC heap before
{Heap before GC invocations=52 (full 0):
 garbage-first heap   total 408576K, used 322048K [0x00000000c0000000, 0x00000000c0100c78, 0x0000000100000000)
  region size 1024K, 239 young (244736K), 12 survivors (12288K)
 Metaspace       used 43225K, capacity 45070K, committed 45440K, reserved 1089536K
  class space    used 4292K, capacity 4958K, committed 4992K, reserved 1048576K

