# JRE version: OpenJDK Runtime Environment (8.0_141-b16) (build 1.8.0_141-2-redhat-b16)
# Java VM: OpenJDK 64-Bit Server VM (25.141-b16 mixed mode windows-amd64 compressed oops)
Heap:
 garbage-first heap   total 243712K, used 177664K [0x00000000c0000000, 0x00000000c0100770, 0x0000000100000000)
  region size 1024K, 94 young (96256K), 6 survivors (6144K)
 Metaspace       used 36469K, capacity 38242K, committed 38528K, reserved 1083392K
  class space    used 3754K, capacity 4422K, committed 4480K, reserved 1048576K
GC Heap History (10 events):
Event: 19988.557 GC heap before
{Heap before GC invocations=30 (full 0):
 garbage-first heap   total 160768K, used 136192K [0x00000000c0000000, 0x00000000c01004e8, 0x0000000100000000)
  region size 1024K, 43 young (44032K), 8 survivors (8192K)
 Metaspace       used 36454K, capacity 38242K, committed 38528K, reserved 1083392K
  class space    used 3752K, capacity 4422K, committed 4480K, reserved 1048576K
Event: 19988.575 GC heap after
Heap after GC invocations=31 (full 0):
 garbage-first heap   total 169984K, used 125440K [0x00000000c0000000, 0x00000000c0100530, 0x0000000100000000)
  region size 1024K, 6 young (6144K), 6 survivors (6144K)
 Metaspace       used 36454K, capacity 38242K, committed 38528K, reserved 1083392K
  class space    used 3752K, capacity 4422K, committed 4480K, reserved 1048576K
}
Event: 21259.340 GC heap before
{Heap before GC invocations=32 (full 0):
 garbage-first heap   total 169984K, used 70144K [0x00000000c0000000, 0x00000000c0100530, 0x0000000100000000)
  region size 1024K, 26 young (26624K), 6 survivors (6144K)
 Metaspace       used 36454K, capacity 38242K, committed 38528K, reserved 1083392K
  class space    used 3752K, capacity 4422K, committed 4480K, reserved 1048576K
Event: 21259.351 GC heap after
Heap after GC invocations=33 (full 0):
 garbage-first heap   total 169984K, used 62464K [0x00000000c0000000, 0x00000000c0100530, 0x0000000100000000)
  region size 1024K, 4 young (4096K), 4 survivors (4096K)
 Metaspace       used 36454K, capacity 38242K, committed 38528K, reserved 1083392K
  class space    used 3752K, capacity 4422K, committed 4480K, reserved 1048576K
}
Event: 26681.637 GC heap before
{Heap before GC invocations=33 (full 0):
 garbage-first heap   total 169984K, used 148480K [0x00000000c0000000, 0x00000000c0100530, 0x0000000100000000)
  region size 1024K, 88 young (90112K), 4 survivors (4096K)
 Metaspace       used 36456K, capacity 38242K, committed 38528K, reserved 1083392K
  class space    used 3752K, capacity 4422K, committed 4480K, reserved 1048576K
Event: 26681.688 GC heap after
Heap after GC invocations=34 (full 0):
 garbage-first heap   total 227328K, used 137216K [0x00000000c0000000, 0x00000000c01006f0, 0x0000000100000000)
  region size 1024K, 11 young (11264K), 11 survivors (11264K)
 Metaspace       used 36456K, capacity 38242K, committed 38528K, reserved 1083392K
  class space    used 3752K, capacity 4422K, committed 4480K, reserved 1048576K
}
Event: 30167.823 GC heap before
{Heap before GC invocations=34 (full 0):
 garbage-first heap   total 227328K, used 192512K [0x00000000c0000000, 0x00000000c01006f0, 0x0000000100000000)
  region size 1024K, 65 young (66560K), 11 survivors (11264K)
 Metaspace       used 36458K, capacity 38242K, committed 38528K, reserved 1083392K
  class space    used 3752K, capacity 4422K, committed 4480K, reserved 1048576K
Event: 30167.851 GC heap after
Heap after GC invocations=35 (full 0):
 garbage-first heap   total 243712K, used 176640K [0x00000000c0000000, 0x00000000c0100770, 0x0000000100000000)
  region size 1024K, 9 young (9216K), 9 survivors (9216K)
 Metaspace       used 36458K, capacity 38242K, committed 38528K, reserved 1083392K
  class space    used 3752K, capacity 4422K, committed 4480K, reserved 1048576K
}
Event: 32233.014 GC heap before
{Heap before GC invocations=36 (full 0):
 garbage-first heap   total 243712K, used 99840K [0x00000000c0000000, 0x00000000c0100770, 0x0000000100000000)
  region size 1024K, 41 young (41984K), 9 survivors (9216K)
 Metaspace       used 36459K, capacity 38242K, committed 38528K, reserved 1083392K
  class space    used 3752K, capacity 4422K, committed 4480K, reserved 1048576K
Event: 32233.028 GC heap after
Heap after GC invocations=37 (full 0):
 garbage-first heap   total 243712K, used 88576K [0x00000000c0000000, 0x00000000c0100770, 0x0000000100000000)
  region size 1024K, 6 young (6144K), 6 survivors (6144K)
 Metaspace       used 36459K, capacity 38242K, committed 38528K, reserved 1083392K
  class space    used 3752K, capacity 4422K, committed 4480K, reserved 1048576K
}

