# JRE version: OpenJDK Runtime Environment (8.0_141-b16) (build 1.8.0_141-2-redhat-b16)
# Java VM: OpenJDK 64-Bit Server VM (25.141-b16 mixed mode windows-amd64 compressed oops)
Heap:
 garbage-first heap   total 369664K, used 276480K [0x00000000c0000000, 0x00000000c0100b48, 0x0000000100000000)
  region size 1024K, 166 young (169984K), 7 survivors (7168K)
 Metaspace       used 39705K, capacity 41456K, committed 41852K, reserved 1087488K
  class space    used 4059K, capacity 4681K, committed 4732K, reserved 1048576K
GC Heap History (10 events):
Event: 24890.176 GC heap after
Heap after GC invocations=37 (full 0):
 garbage-first heap   total 221184K, used 160768K [0x00000000c0000000, 0x00000000c01006c0, 0x0000000100000000)
  region size 1024K, 8 young (8192K), 8 survivors (8192K)
 Metaspace       used 39695K, capacity 41456K, committed 41852K, reserved 1087488K
  class space    used 4059K, capacity 4681K, committed 4732K, reserved 1048576K
}
Event: 26676.206 GC heap before
{Heap before GC invocations=38 (full 0):
 garbage-first heap   total 221184K, used 91136K [0x00000000c0000000, 0x00000000c01006c0, 0x0000000100000000)
  region size 1024K, 36 young (36864K), 8 survivors (8192K)
 Metaspace       used 39698K, capacity 41456K, committed 41852K, reserved 1087488K
  class space    used 4059K, capacity 4681K, committed 4732K, reserved 1048576K
Event: 26676.220 GC heap after
Heap after GC invocations=39 (full 0):
 garbage-first heap   total 221184K, used 80896K [0x00000000c0000000, 0x00000000c01006c0, 0x0000000100000000)
  region size 1024K, 5 young (5120K), 5 survivors (5120K)
 Metaspace       used 39698K, capacity 41456K, committed 41852K, reserved 1087488K
  class space    used 4059K, capacity 4681K, committed 4732K, reserved 1048576K
}
Event: 33644.527 GC heap before
{Heap before GC invocations=39 (full 0):
 garbage-first heap   total 221184K, used 192512K [0x00000000c0000000, 0x00000000c01006c0, 0x0000000100000000)
  region size 1024K, 114 young (116736K), 5 survivors (5120K)
 Metaspace       used 39700K, capacity 41456K, committed 41852K, reserved 1087488K
  class space    used 4059K, capacity 4681K, committed 4732K, reserved 1048576K
Event: 33644.592 GC heap after
Heap after GC invocations=40 (full 0):
 garbage-first heap   total 295936K, used 178176K [0x00000000c0000000, 0x00000000c0100908, 0x0000000100000000)
  region size 1024K, 15 young (15360K), 15 survivors (15360K)
 Metaspace       used 39700K, capacity 41456K, committed 41852K, reserved 1087488K
  class space    used 4059K, capacity 4681K, committed 4732K, reserved 1048576K
}
Event: 38128.832 GC heap before
{Heap before GC invocations=40 (full 0):
 garbage-first heap   total 295936K, used 249856K [0x00000000c0000000, 0x00000000c0100908, 0x0000000100000000)
  region size 1024K, 85 young (87040K), 15 survivors (15360K)
 Metaspace       used 39704K, capacity 41456K, committed 41852K, reserved 1087488K
  class space    used 4059K, capacity 4681K, committed 4732K, reserved 1048576K
Event: 38128.870 GC heap after
Heap after GC invocations=41 (full 0):
 garbage-first heap   total 316416K, used 228864K [0x00000000c0000000, 0x00000000c01009a8, 0x0000000100000000)
  region size 1024K, 11 young (11264K), 11 survivors (11264K)
 Metaspace       used 39704K, capacity 41456K, committed 41852K, reserved 1087488K
  class space    used 4059K, capacity 4681K, committed 4732K, reserved 1048576K
}
Event: 40884.369 GC heap before
{Heap before GC invocations=42 (full 0):
 garbage-first heap   total 316416K, used 128512K [0x00000000c0000000, 0x00000000c01009a8, 0x0000000100000000)
  region size 1024K, 54 young (55296K), 11 survivors (11264K)
 Metaspace       used 39704K, capacity 41456K, committed 41852K, reserved 1087488K
  class space    used 4059K, capacity 4681K, committed 4732K, reserved 1048576K
Event: 40884.390 GC heap after
Heap after GC invocations=43 (full 0):
 garbage-first heap   total 316416K, used 113664K [0x00000000c0000000, 0x00000000c01009a8, 0x0000000100000000)
  region size 1024K, 7 young (7168K), 7 survivors (7168K)
 Metaspace       used 39704K, capacity 41456K, committed 41852K, reserved 1087488K
  class space    used 4059K, capacity 4681K, committed 4732K, reserved 1048576K
}
Event: 51125.544 GC heap before
{Heap before GC invocations=43 (full 0):
 garbage-first heap   total 316416K, used 276480K [0x00000000c0000000, 0x00000000c01009a8, 0x0000000100000000)
  region size 1024K, 166 young (169984K), 7 survivors (7168K)
 Metaspace       used 39705K, capacity 41456K, committed 41852K, reserved 1087488K
  class space    used 4059K, capacity 4681K, committed 4732K, reserved 1048576K

