# JRE version: OpenJDK Runtime Environment (8.0_141-b16) (build 1.8.0_141-2-redhat-b16)
# Java VM: OpenJDK 64-Bit Server VM (25.141-b16 mixed mode windows-amd64 compressed oops)
Heap:
 garbage-first heap   total 386048K, used 284672K [0x00000000c0000000, 0x00000000c0100bc8, 0x0000000100000000)
  region size 1024K, 171 young (175104K), 7 survivors (7168K)
 Metaspace       used 39630K, capacity 41360K, committed 41628K, reserved 1085440K
  class space    used 4052K, capacity 4649K, committed 4764K, reserved 1048576K
GC Heap History (10 events):
Event: 24970.631 GC heap after
Heap after GC invocations=36 (full 0):
 garbage-first heap   total 226304K, used 164352K [0x00000000c0000000, 0x00000000c01006e8, 0x0000000100000000)
  region size 1024K, 8 young (8192K), 8 survivors (8192K)
 Metaspace       used 39619K, capacity 41360K, committed 41628K, reserved 1085440K
  class space    used 4052K, capacity 4649K, committed 4764K, reserved 1048576K
}
Event: 26799.107 GC heap before
{Heap before GC invocations=37 (full 0):
 garbage-first heap   total 226304K, used 92672K [0x00000000c0000000, 0x00000000c01006e8, 0x0000000100000000)
  region size 1024K, 37 young (37888K), 8 survivors (8192K)
 Metaspace       used 39622K, capacity 41360K, committed 41628K, reserved 1085440K
  class space    used 4052K, capacity 4649K, committed 4764K, reserved 1048576K
Event: 26799.125 GC heap after
Heap after GC invocations=38 (full 0):
 garbage-first heap   total 226304K, used 82432K [0x00000000c0000000, 0x00000000c01006e8, 0x0000000100000000)
  region size 1024K, 5 young (5120K), 5 survivors (5120K)
 Metaspace       used 39622K, capacity 41360K, committed 41628K, reserved 1085440K
  class space    used 4052K, capacity 4649K, committed 4764K, reserved 1048576K
}
Event: 33919.266 GC heap before
{Heap before GC invocations=38 (full 0):
 garbage-first heap   total 226304K, used 197120K [0x00000000c0000000, 0x00000000c01006e8, 0x0000000100000000)
  region size 1024K, 117 young (119808K), 5 survivors (5120K)
 Metaspace       used 39625K, capacity 41360K, committed 41628K, reserved 1085440K
  class space    used 4052K, capacity 4649K, committed 4764K, reserved 1048576K
Event: 33919.347 GC heap after
Heap after GC invocations=39 (full 0):
 garbage-first heap   total 303104K, used 182784K [0x00000000c0000000, 0x00000000c0100940, 0x0000000100000000)
  region size 1024K, 15 young (15360K), 15 survivors (15360K)
 Metaspace       used 39625K, capacity 41360K, committed 41628K, reserved 1085440K
  class space    used 4052K, capacity 4649K, committed 4764K, reserved 1048576K
}
Event: 38468.674 GC heap before
{Heap before GC invocations=39 (full 0):
 garbage-first heap   total 303104K, used 256512K [0x00000000c0000000, 0x00000000c0100940, 0x0000000100000000)
  region size 1024K, 87 young (89088K), 15 survivors (15360K)
 Metaspace       used 39629K, capacity 41360K, committed 41628K, reserved 1085440K
  class space    used 4052K, capacity 4649K, committed 4764K, reserved 1048576K
Event: 38468.714 GC heap after
Heap after GC invocations=40 (full 0):
 garbage-first heap   total 325632K, used 235520K [0x00000000c0000000, 0x00000000c01009f0, 0x0000000100000000)
  region size 1024K, 11 young (11264K), 11 survivors (11264K)
 Metaspace       used 39629K, capacity 41360K, committed 41628K, reserved 1085440K
  class space    used 4052K, capacity 4649K, committed 4764K, reserved 1048576K
}
Event: 41249.292 GC heap before
{Heap before GC invocations=41 (full 0):
 garbage-first heap   total 325632K, used 131072K [0x00000000c0000000, 0x00000000c01009f0, 0x0000000100000000)
  region size 1024K, 55 young (56320K), 11 survivors (11264K)
 Metaspace       used 39629K, capacity 41360K, committed 41628K, reserved 1085440K
  class space    used 4052K, capacity 4649K, committed 4764K, reserved 1048576K
Event: 41249.314 GC heap after
Heap after GC invocations=42 (full 0):
 garbage-first heap   total 325632K, used 116736K [0x00000000c0000000, 0x00000000c01009f0, 0x0000000100000000)
  region size 1024K, 7 young (7168K), 7 survivors (7168K)
 Metaspace       used 39629K, capacity 41360K, committed 41628K, reserved 1085440K
  class space    used 4052K, capacity 4649K, committed 4764K, reserved 1048576K
}
Event: 51765.377 GC heap before
{Heap before GC invocations=42 (full 0):
 garbage-first heap   total 325632K, used 284672K [0x00000000c0000000, 0x00000000c01009f0, 0x0000000100000000)
  region size 1024K, 171 young (175104K), 7 survivors (7168K)
 Metaspace       used 39630K, capacity 41360K, committed 41628K, reserved 1085440K
  class space    used 4052K, capacity 4649K, committed 4764K, reserved 1048576K

