# JRE version: OpenJDK Runtime Environment (8.0_141-b16) (build 1.8.0_141-2-redhat-b16)
# Java VM: OpenJDK 64-Bit Server VM (25.141-b16 mixed mode windows-amd64 compressed oops)
Heap:
 garbage-first heap   total 155648K, used 115200K [0x00000000c0000000, 0x00000000c01004c0, 0x0000000100000000)
  region size 1024K, 57 young (58368K), 3 survivors (3072K)
 Metaspace       used 39653K, capacity 41456K, committed 41808K, reserved 1087488K
  class space    used 4048K, capacity 4681K, committed 4736K, reserved 1048576K
GC Heap History (10 events):
Event: 9111.794 GC heap before
{Heap before GC invocations=28 (full 0):
 garbage-first heap   total 108544K, used 91648K [0x00000000c0000000, 0x00000000c0100350, 0x0000000100000000)
  region size 1024K, 27 young (27648K), 5 survivors (5120K)
 Metaspace       used 39639K, capacity 41456K, committed 41808K, reserved 1087488K
  class space    used 4047K, capacity 4681K, committed 4736K, reserved 1048576K
Event: 9111.806 GC heap after
Heap after GC invocations=29 (full 0):
 garbage-first heap   total 113664K, used 84992K [0x00000000c0000000, 0x00000000c0100378, 0x0000000100000000)
  region size 1024K, 4 young (4096K), 4 survivors (4096K)
 Metaspace       used 39639K, capacity 41456K, committed 41808K, reserved 1087488K
  class space    used 4047K, capacity 4681K, committed 4736K, reserved 1048576K
}
Event: 9824.753 GC heap before
{Heap before GC invocations=30 (full 0):
 garbage-first heap   total 113664K, used 50176K [0x00000000c0000000, 0x00000000c0100378, 0x0000000100000000)
  region size 1024K, 15 young (15360K), 4 survivors (4096K)
 Metaspace       used 39639K, capacity 41456K, committed 41808K, reserved 1087488K
  class space    used 4047K, capacity 4681K, committed 4736K, reserved 1048576K
Event: 9824.761 GC heap after
Heap after GC invocations=31 (full 0):
 garbage-first heap   total 113664K, used 45568K [0x00000000c0000000, 0x00000000c0100378, 0x0000000100000000)
  region size 1024K, 2 young (2048K), 2 survivors (2048K)
 Metaspace       used 39639K, capacity 41456K, committed 41808K, reserved 1087488K
  class space    used 4047K, capacity 4681K, committed 4736K, reserved 1048576K
}
Event: 13203.139 GC heap before
{Heap before GC invocations=31 (full 0):
 garbage-first heap   total 113664K, used 98816K [0x00000000c0000000, 0x00000000c0100378, 0x0000000100000000)
  region size 1024K, 54 young (55296K), 2 survivors (2048K)
 Metaspace       used 39645K, capacity 41456K, committed 41808K, reserved 1087488K
  class space    used 4047K, capacity 4681K, committed 4736K, reserved 1048576K
Event: 13203.169 GC heap after
Heap after GC invocations=32 (full 0):
 garbage-first heap   total 148480K, used 92160K [0x00000000c0000000, 0x00000000c0100488, 0x0000000100000000)
  region size 1024K, 7 young (7168K), 7 survivors (7168K)
 Metaspace       used 39645K, capacity 41456K, committed 41808K, reserved 1087488K
  class space    used 4047K, capacity 4681K, committed 4736K, reserved 1048576K
}
Event: 15279.980 GC heap before
{Heap before GC invocations=32 (full 0):
 garbage-first heap   total 148480K, used 124928K [0x00000000c0000000, 0x00000000c0100488, 0x0000000100000000)
  region size 1024K, 39 young (39936K), 7 survivors (7168K)
 Metaspace       used 39646K, capacity 41456K, committed 41808K, reserved 1087488K
  class space    used 4047K, capacity 4681K, committed 4736K, reserved 1048576K
Event: 15279.997 GC heap after
Heap after GC invocations=33 (full 0):
 garbage-first heap   total 155648K, used 115200K [0x00000000c0000000, 0x00000000c01004c0, 0x0000000100000000)
  region size 1024K, 5 young (5120K), 5 survivors (5120K)
 Metaspace       used 39646K, capacity 41456K, committed 41808K, reserved 1087488K
  class space    used 4047K, capacity 4681K, committed 4736K, reserved 1048576K
}
Event: 16449.875 GC heap before
{Heap before GC invocations=34 (full 0):
 garbage-first heap   total 155648K, used 67072K [0x00000000c0000000, 0x00000000c01004c0, 0x0000000100000000)
  region size 1024K, 23 young (23552K), 5 survivors (5120K)
 Metaspace       used 39648K, capacity 41456K, committed 41808K, reserved 1087488K
  class space    used 4047K, capacity 4681K, committed 4736K, reserved 1048576K
Event: 16449.885 GC heap after
Heap after GC invocations=35 (full 0):
 garbage-first heap   total 155648K, used 60928K [0x00000000c0000000, 0x00000000c01004c0, 0x0000000100000000)
  region size 1024K, 3 young (3072K), 3 survivors (3072K)
 Metaspace       used 39648K, capacity 41456K, committed 41808K, reserved 1087488K
  class space    used 4047K, capacity 4681K, committed 4736K, reserved 1048576K
}

