# JRE version: OpenJDK Runtime Environment (8.0_141-b16) (build 1.8.0_141-2-redhat-b16)
# Java VM: OpenJDK 64-Bit Server VM (25.141-b16 mixed mode windows-amd64 compressed oops)
Heap:
 garbage-first heap   total 275456K, used 219648K [0x00000000c0000000, 0x00000000c0100868, 0x0000000100000000)
  region size 1024K, 66 young (67584K), 14 survivors (14336K)
 Metaspace       used 40910K, capacity 42834K, committed 43136K, reserved 1087488K
  class space    used 4174K, capacity 4887K, committed 4992K, reserved 1048576K
GC Heap History (10 events):
Event: 15157.259 GC heap before
{Heap before GC invocations=35 (full 0):
 garbage-first heap   total 147456K, used 65024K [0x00000000c0000000, 0x00000000c0100480, 0x0000000100000000)
  region size 1024K, 22 young (22528K), 5 survivors (5120K)
 Metaspace       used 40898K, capacity 42834K, committed 43136K, reserved 1087488K
  class space    used 4173K, capacity 4887K, committed 4992K, reserved 1048576K
Event: 15157.268 GC heap after
Heap after GC invocations=36 (full 0):
 garbage-first heap   total 147456K, used 58880K [0x00000000c0000000, 0x00000000c0100480, 0x0000000100000000)
  region size 1024K, 3 young (3072K), 3 survivors (3072K)
 Metaspace       used 40898K, capacity 42834K, committed 43136K, reserved 1087488K
  class space    used 4173K, capacity 4887K, committed 4992K, reserved 1048576K
}
Event: 19443.208 GC heap before
{Heap before GC invocations=36 (full 0):
 garbage-first heap   total 147456K, used 128512K [0x00000000c0000000, 0x00000000c0100480, 0x0000000100000000)
  region size 1024K, 71 young (72704K), 3 survivors (3072K)
 Metaspace       used 40899K, capacity 42834K, committed 43136K, reserved 1087488K
  class space    used 4173K, capacity 4887K, committed 4992K, reserved 1048576K
Event: 19443.250 GC heap after
Heap after GC invocations=37 (full 0):
 garbage-first heap   total 193536K, used 119808K [0x00000000c0000000, 0x00000000c01005e8, 0x0000000100000000)
  region size 1024K, 9 young (9216K), 9 survivors (9216K)
 Metaspace       used 40899K, capacity 42834K, committed 43136K, reserved 1087488K
  class space    used 4173K, capacity 4887K, committed 4992K, reserved 1048576K
}
Event: 22147.518 GC heap before
{Heap before GC invocations=37 (full 0):
 garbage-first heap   total 193536K, used 163840K [0x00000000c0000000, 0x00000000c01005e8, 0x0000000100000000)
  region size 1024K, 52 young (53248K), 9 survivors (9216K)
 Metaspace       used 40899K, capacity 42834K, committed 43136K, reserved 1087488K
  class space    used 4173K, capacity 4887K, committed 4992K, reserved 1048576K
Event: 22147.545 GC heap after
Heap after GC invocations=38 (full 0):
 garbage-first heap   total 205824K, used 151552K [0x00000000c0000000, 0x00000000c0100648, 0x0000000100000000)
  region size 1024K, 7 young (7168K), 7 survivors (7168K)
 Metaspace       used 40899K, capacity 42834K, committed 43136K, reserved 1087488K
  class space    used 4173K, capacity 4887K, committed 4992K, reserved 1048576K
}
Event: 23639.043 GC heap before
{Heap before GC invocations=39 (full 0):
 garbage-first heap   total 205824K, used 84992K [0x00000000c0000000, 0x00000000c0100648, 0x0000000100000000)
  region size 1024K, 31 young (31744K), 7 survivors (7168K)
 Metaspace       used 40900K, capacity 42834K, committed 43136K, reserved 1087488K
  class space    used 4173K, capacity 4887K, committed 4992K, reserved 1048576K
Event: 23639.057 GC heap after
Heap after GC invocations=40 (full 0):
 garbage-first heap   total 205824K, used 76288K [0x00000000c0000000, 0x00000000c0100648, 0x0000000100000000)
  region size 1024K, 4 young (4096K), 4 survivors (4096K)
 Metaspace       used 40900K, capacity 42834K, committed 43136K, reserved 1087488K
  class space    used 4173K, capacity 4887K, committed 4992K, reserved 1048576K
}
Event: 30038.875 GC heap before
{Heap before GC invocations=40 (full 0):
 garbage-first heap   total 205824K, used 179712K [0x00000000c0000000, 0x00000000c0100648, 0x0000000100000000)
  region size 1024K, 105 young (107520K), 4 survivors (4096K)
 Metaspace       used 40905K, capacity 42834K, committed 43136K, reserved 1087488K
  class space    used 4173K, capacity 4887K, committed 4992K, reserved 1048576K
Event: 30038.947 GC heap after
Heap after GC invocations=41 (full 0):
 garbage-first heap   total 275456K, used 167424K [0x00000000c0000000, 0x00000000c0100868, 0x0000000100000000)
  region size 1024K, 14 young (14336K), 14 survivors (14336K)
 Metaspace       used 40905K, capacity 42834K, committed 43136K, reserved 1087488K
  class space    used 4173K, capacity 4887K, committed 4992K, reserved 1048576K
}

